<?xml version="1.0" encoding="UTF-8"?>
<testsuite xmlns:xsi="http://www.w3.org/2001/XMLSchema-instance" xsi:noNamespaceSchemaLocation="https://maven.apache.org/surefire/maven-surefire-plugin/xsd/surefire-test-report.xsd" name="com.qiding.grpc.AppTest" time="0.092" tests="1" errors="0" skipped="0" failures="0">
  <properties>
    <property name="gopherProxySet" value="false"/>
    <property name="awt.toolkit" value="sun.lwawt.macosx.LWCToolkit"/>
    <property name="file.encoding.pkg" value="sun.io"/>
    <property name="java.specification.version" value="1.8"/>
    <property name="sun.cpu.isalist" value=""/>
    <property name="sun.jnu.encoding" value="UTF-8"/>
    <property name="java.class.path" value="/Users/qiding/gitproject/qiding-grpc/grpc-hello-client/target/test-classes:/Users/qiding/gitproject/qiding-grpc/grpc-hello-client/target/classes:/Users/qiding/systemtools/maven/apache-maven-3.5.4/jarlib/io/grpc/grpc-all/1.6.1/grpc-all-1.6.1.jar:/Users/qiding/systemtools/maven/apache-maven-3.5.4/jarlib/io/grpc/grpc-auth/1.6.1/grpc-auth-1.6.1.jar:/Users/qiding/systemtools/maven/apache-maven-3.5.4/jarlib/com/google/auth/google-auth-library-credentials/0.4.0/google-auth-library-credentials-0.4.0.jar:/Users/qiding/systemtools/maven/apache-maven-3.5.4/jarlib/io/grpc/grpc-core/1.6.1/grpc-core-1.6.1.jar:/Users/qiding/systemtools/maven/apache-maven-3.5.4/jarlib/com/google/guava/guava/19.0/guava-19.0.jar:/Users/qiding/systemtools/maven/apache-maven-3.5.4/jarlib/com/google/errorprone/error_prone_annotations/2.0.19/error_prone_annotations-2.0.19.jar:/Users/qiding/systemtools/maven/apache-maven-3.5.4/jarlib/com/google/code/findbugs/jsr305/3.0.0/jsr305-3.0.0.jar:/Users/qiding/systemtools/maven/apache-maven-3.5.4/jarlib/com/google/instrumentation/instrumentation-api/0.4.3/instrumentation-api-0.4.3.jar:/Users/qiding/systemtools/maven/apache-maven-3.5.4/jarlib/io/opencensus/opencensus-api/0.5.1/opencensus-api-0.5.1.jar:/Users/qiding/systemtools/maven/apache-maven-3.5.4/jarlib/io/grpc/grpc-context/1.6.1/grpc-context-1.6.1.jar:/Users/qiding/systemtools/maven/apache-maven-3.5.4/jarlib/io/grpc/grpc-netty/1.6.1/grpc-netty-1.6.1.jar:/Users/qiding/systemtools/maven/apache-maven-3.5.4/jarlib/io/netty/netty-codec-http2/4.1.14.Final/netty-codec-http2-4.1.14.Final.jar:/Users/qiding/systemtools/maven/apache-maven-3.5.4/jarlib/io/netty/netty-codec-http/4.1.14.Final/netty-codec-http-4.1.14.Final.jar:/Users/qiding/systemtools/maven/apache-maven-3.5.4/jarlib/io/netty/netty-codec/4.1.14.Final/netty-codec-4.1.14.Final.jar:/Users/qiding/systemtools/maven/apache-maven-3.5.4/jarlib/io/netty/netty-handler/4.1.14.Final/netty-handler-4.1.14.Final.jar:/Users/qiding/systemtools/maven/apache-maven-3.5.4/jarlib/io/netty/netty-buffer/4.1.14.Final/netty-buffer-4.1.14.Final.jar:/Users/qiding/systemtools/maven/apache-maven-3.5.4/jarlib/io/netty/netty-common/4.1.14.Final/netty-common-4.1.14.Final.jar:/Users/qiding/systemtools/maven/apache-maven-3.5.4/jarlib/io/netty/netty-handler-proxy/4.1.14.Final/netty-handler-proxy-4.1.14.Final.jar:/Users/qiding/systemtools/maven/apache-maven-3.5.4/jarlib/io/netty/netty-transport/4.1.14.Final/netty-transport-4.1.14.Final.jar:/Users/qiding/systemtools/maven/apache-maven-3.5.4/jarlib/io/netty/netty-resolver/4.1.14.Final/netty-resolver-4.1.14.Final.jar:/Users/qiding/systemtools/maven/apache-maven-3.5.4/jarlib/io/netty/netty-codec-socks/4.1.14.Final/netty-codec-socks-4.1.14.Final.jar:/Users/qiding/systemtools/maven/apache-maven-3.5.4/jarlib/io/grpc/grpc-okhttp/1.6.1/grpc-okhttp-1.6.1.jar:/Users/qiding/systemtools/maven/apache-maven-3.5.4/jarlib/com/squareup/okhttp/okhttp/2.5.0/okhttp-2.5.0.jar:/Users/qiding/systemtools/maven/apache-maven-3.5.4/jarlib/com/squareup/okio/okio/1.6.0/okio-1.6.0.jar:/Users/qiding/systemtools/maven/apache-maven-3.5.4/jarlib/io/grpc/grpc-protobuf/1.6.1/grpc-protobuf-1.6.1.jar:/Users/qiding/systemtools/maven/apache-maven-3.5.4/jarlib/com/google/protobuf/protobuf-java-util/3.3.1/protobuf-java-util-3.3.1.jar:/Users/qiding/systemtools/maven/apache-maven-3.5.4/jarlib/com/google/code/gson/gson/2.7/gson-2.7.jar:/Users/qiding/systemtools/maven/apache-maven-3.5.4/jarlib/com/google/api/grpc/proto-google-common-protos/0.1.9/proto-google-common-protos-0.1.9.jar:/Users/qiding/systemtools/maven/apache-maven-3.5.4/jarlib/io/grpc/grpc-protobuf-lite/1.6.1/grpc-protobuf-lite-1.6.1.jar:/Users/qiding/systemtools/maven/apache-maven-3.5.4/jarlib/io/grpc/grpc-protobuf-nano/1.6.1/grpc-protobuf-nano-1.6.1.jar:/Users/qiding/systemtools/maven/apache-maven-3.5.4/jarlib/com/google/protobuf/nano/protobuf-javanano/3.0.0-alpha-5/protobuf-javanano-3.0.0-alpha-5.jar:/Users/qiding/systemtools/maven/apache-maven-3.5.4/jarlib/io/grpc/grpc-stub/1.6.1/grpc-stub-1.6.1.jar:/Users/qiding/systemtools/maven/apache-maven-3.5.4/jarlib/com/google/protobuf/protobuf-java/3.3.0/protobuf-java-3.3.0.jar:/Users/qiding/systemtools/maven/apache-maven-3.5.4/jarlib/junit/junit/4.11/junit-4.11.jar:/Users/qiding/systemtools/maven/apache-maven-3.5.4/jarlib/org/hamcrest/hamcrest-core/1.3/hamcrest-core-1.3.jar:"/>
    <property name="java.vm.vendor" value="Oracle Corporation"/>
    <property name="sun.arch.data.model" value="64"/>
    <property name="java.vendor.url" value="http://java.oracle.com/"/>
    <property name="user.timezone" value=""/>
    <property name="java.vm.specification.version" value="1.8"/>
    <property name="os.name" value="Mac OS X"/>
    <property name="user.country" value="CN"/>
    <property name="sun.java.launcher" value="SUN_STANDARD"/>
    <property name="sun.boot.library.path" value="/Library/Java/JavaVirtualMachines/jdk1.8.0_171.jdk/Contents/Home/jre/lib"/>
    <property name="sun.java.command" value="/Users/qiding/gitproject/qiding-grpc/grpc-hello-client/target/surefire/surefirebooter6948569580293800135.jar /Users/qiding/gitproject/qiding-grpc/grpc-hello-client/target/surefire 2019-10-17T12-23-44_164-jvmRun1 surefire7982607790658381478tmp surefire_06742867891587953472tmp"/>
    <property name="surefire.test.class.path" value="/Users/qiding/gitproject/qiding-grpc/grpc-hello-client/target/test-classes:/Users/qiding/gitproject/qiding-grpc/grpc-hello-client/target/classes:/Users/qiding/systemtools/maven/apache-maven-3.5.4/jarlib/io/grpc/grpc-all/1.6.1/grpc-all-1.6.1.jar:/Users/qiding/systemtools/maven/apache-maven-3.5.4/jarlib/io/grpc/grpc-auth/1.6.1/grpc-auth-1.6.1.jar:/Users/qiding/systemtools/maven/apache-maven-3.5.4/jarlib/com/google/auth/google-auth-library-credentials/0.4.0/google-auth-library-credentials-0.4.0.jar:/Users/qiding/systemtools/maven/apache-maven-3.5.4/jarlib/io/grpc/grpc-core/1.6.1/grpc-core-1.6.1.jar:/Users/qiding/systemtools/maven/apache-maven-3.5.4/jarlib/com/google/guava/guava/19.0/guava-19.0.jar:/Users/qiding/systemtools/maven/apache-maven-3.5.4/jarlib/com/google/errorprone/error_prone_annotations/2.0.19/error_prone_annotations-2.0.19.jar:/Users/qiding/systemtools/maven/apache-maven-3.5.4/jarlib/com/google/code/findbugs/jsr305/3.0.0/jsr305-3.0.0.jar:/Users/qiding/systemtools/maven/apache-maven-3.5.4/jarlib/com/google/instrumentation/instrumentation-api/0.4.3/instrumentation-api-0.4.3.jar:/Users/qiding/systemtools/maven/apache-maven-3.5.4/jarlib/io/opencensus/opencensus-api/0.5.1/opencensus-api-0.5.1.jar:/Users/qiding/systemtools/maven/apache-maven-3.5.4/jarlib/io/grpc/grpc-context/1.6.1/grpc-context-1.6.1.jar:/Users/qiding/systemtools/maven/apache-maven-3.5.4/jarlib/io/grpc/grpc-netty/1.6.1/grpc-netty-1.6.1.jar:/Users/qiding/systemtools/maven/apache-maven-3.5.4/jarlib/io/netty/netty-codec-http2/4.1.14.Final/netty-codec-http2-4.1.14.Final.jar:/Users/qiding/systemtools/maven/apache-maven-3.5.4/jarlib/io/netty/netty-codec-http/4.1.14.Final/netty-codec-http-4.1.14.Final.jar:/Users/qiding/systemtools/maven/apache-maven-3.5.4/jarlib/io/netty/netty-codec/4.1.14.Final/netty-codec-4.1.14.Final.jar:/Users/qiding/systemtools/maven/apache-maven-3.5.4/jarlib/io/netty/netty-handler/4.1.14.Final/netty-handler-4.1.14.Final.jar:/Users/qiding/systemtools/maven/apache-maven-3.5.4/jarlib/io/netty/netty-buffer/4.1.14.Final/netty-buffer-4.1.14.Final.jar:/Users/qiding/systemtools/maven/apache-maven-3.5.4/jarlib/io/netty/netty-common/4.1.14.Final/netty-common-4.1.14.Final.jar:/Users/qiding/systemtools/maven/apache-maven-3.5.4/jarlib/io/netty/netty-handler-proxy/4.1.14.Final/netty-handler-proxy-4.1.14.Final.jar:/Users/qiding/systemtools/maven/apache-maven-3.5.4/jarlib/io/netty/netty-transport/4.1.14.Final/netty-transport-4.1.14.Final.jar:/Users/qiding/systemtools/maven/apache-maven-3.5.4/jarlib/io/netty/netty-resolver/4.1.14.Final/netty-resolver-4.1.14.Final.jar:/Users/qiding/systemtools/maven/apache-maven-3.5.4/jarlib/io/netty/netty-codec-socks/4.1.14.Final/netty-codec-socks-4.1.14.Final.jar:/Users/qiding/systemtools/maven/apache-maven-3.5.4/jarlib/io/grpc/grpc-okhttp/1.6.1/grpc-okhttp-1.6.1.jar:/Users/qiding/systemtools/maven/apache-maven-3.5.4/jarlib/com/squareup/okhttp/okhttp/2.5.0/okhttp-2.5.0.jar:/Users/qiding/systemtools/maven/apache-maven-3.5.4/jarlib/com/squareup/okio/okio/1.6.0/okio-1.6.0.jar:/Users/qiding/systemtools/maven/apache-maven-3.5.4/jarlib/io/grpc/grpc-protobuf/1.6.1/grpc-protobuf-1.6.1.jar:/Users/qiding/systemtools/maven/apache-maven-3.5.4/jarlib/com/google/protobuf/protobuf-java-util/3.3.1/protobuf-java-util-3.3.1.jar:/Users/qiding/systemtools/maven/apache-maven-3.5.4/jarlib/com/google/code/gson/gson/2.7/gson-2.7.jar:/Users/qiding/systemtools/maven/apache-maven-3.5.4/jarlib/com/google/api/grpc/proto-google-common-protos/0.1.9/proto-google-common-protos-0.1.9.jar:/Users/qiding/systemtools/maven/apache-maven-3.5.4/jarlib/io/grpc/grpc-protobuf-lite/1.6.1/grpc-protobuf-lite-1.6.1.jar:/Users/qiding/systemtools/maven/apache-maven-3.5.4/jarlib/io/grpc/grpc-protobuf-nano/1.6.1/grpc-protobuf-nano-1.6.1.jar:/Users/qiding/systemtools/maven/apache-maven-3.5.4/jarlib/com/google/protobuf/nano/protobuf-javanano/3.0.0-alpha-5/protobuf-javanano-3.0.0-alpha-5.jar:/Users/qiding/systemtools/maven/apache-maven-3.5.4/jarlib/io/grpc/grpc-stub/1.6.1/grpc-stub-1.6.1.jar:/Users/qiding/systemtools/maven/apache-maven-3.5.4/jarlib/com/google/protobuf/protobuf-java/3.3.0/protobuf-java-3.3.0.jar:/Users/qiding/systemtools/maven/apache-maven-3.5.4/jarlib/junit/junit/4.11/junit-4.11.jar:/Users/qiding/systemtools/maven/apache-maven-3.5.4/jarlib/org/hamcrest/hamcrest-core/1.3/hamcrest-core-1.3.jar:"/>
    <property name="sun.cpu.endian" value="little"/>
    <property name="user.home" value="/Users/qiding"/>
    <property name="user.language" value="en"/>
    <property name="java.specification.vendor" value="Oracle Corporation"/>
    <property name="java.home" value="/Library/Java/JavaVirtualMachines/jdk1.8.0_171.jdk/Contents/Home/jre"/>
    <property name="basedir" value="/Users/qiding/gitproject/qiding-grpc/grpc-hello-client"/>
    <property name="file.separator" value="/"/>
    <property name="line.separator" value="&#10;"/>
    <property name="java.vm.specification.vendor" value="Oracle Corporation"/>
    <property name="java.specification.name" value="Java Platform API Specification"/>
    <property name="java.awt.graphicsenv" value="sun.awt.CGraphicsEnvironment"/>
    <property name="surefire.real.class.path" value="/Users/qiding/gitproject/qiding-grpc/grpc-hello-client/target/surefire/surefirebooter6948569580293800135.jar"/>
    <property name="sun.boot.class.path" value="/Library/Java/JavaVirtualMachines/jdk1.8.0_171.jdk/Contents/Home/jre/lib/resources.jar:/Library/Java/JavaVirtualMachines/jdk1.8.0_171.jdk/Contents/Home/jre/lib/rt.jar:/Library/Java/JavaVirtualMachines/jdk1.8.0_171.jdk/Contents/Home/jre/lib/sunrsasign.jar:/Library/Java/JavaVirtualMachines/jdk1.8.0_171.jdk/Contents/Home/jre/lib/jsse.jar:/Library/Java/JavaVirtualMachines/jdk1.8.0_171.jdk/Contents/Home/jre/lib/jce.jar:/Library/Java/JavaVirtualMachines/jdk1.8.0_171.jdk/Contents/Home/jre/lib/charsets.jar:/Library/Java/JavaVirtualMachines/jdk1.8.0_171.jdk/Contents/Home/jre/lib/jfr.jar:/Library/Java/JavaVirtualMachines/jdk1.8.0_171.jdk/Contents/Home/jre/classes"/>
    <property name="sun.management.compiler" value="HotSpot 64-Bit Tiered Compilers"/>
    <property name="java.runtime.version" value="1.8.0_171-b11"/>
    <property name="user.name" value="qiding"/>
    <property name="path.separator" value=":"/>
    <property name="os.version" value="10.14.6"/>
    <property name="java.endorsed.dirs" value="/Library/Java/JavaVirtualMachines/jdk1.8.0_171.jdk/Contents/Home/jre/lib/endorsed"/>
    <property name="java.runtime.name" value="Java(TM) SE Runtime Environment"/>
    <property name="file.encoding" value="UTF-8"/>
    <property name="java.vm.name" value="Java HotSpot(TM) 64-Bit Server VM"/>
    <property name="localRepository" value="/Users/qiding/systemtools/maven/apache-maven-3.5.4/jarlib"/>
    <property name="java.vendor.url.bug" value="http://bugreport.sun.com/bugreport/"/>
    <property name="java.io.tmpdir" value="/var/folders/rr/5_ws_mz1157d9m192t8vk3bc0000gn/T/"/>
    <property name="java.version" value="1.8.0_171"/>
    <property name="user.dir" value="/Users/qiding/gitproject/qiding-grpc/grpc-hello-client"/>
    <property name="os.arch" value="x86_64"/>
    <property name="java.vm.specification.name" value="Java Virtual Machine Specification"/>
    <property name="java.awt.printerjob" value="sun.lwawt.macosx.CPrinterJob"/>
    <property name="sun.os.patch.level" value="unknown"/>
    <property name="java.library.path" value="/Users/qiding/Library/Java/Extensions:/Library/Java/Extensions:/Network/Library/Java/Extensions:/System/Library/Java/Extensions:/usr/lib/java:."/>
    <property name="java.vm.info" value="mixed mode"/>
    <property name="java.vendor" value="Oracle Corporation"/>
    <property name="java.vm.version" value="25.171-b11"/>
    <property name="java.ext.dirs" value="/Users/qiding/Library/Java/Extensions:/Library/Java/JavaVirtualMachines/jdk1.8.0_171.jdk/Contents/Home/jre/lib/ext:/Library/Java/Extensions:/Network/Library/Java/Extensions:/System/Library/Java/Extensions:/usr/lib/java"/>
    <property name="sun.io.unicode.encoding" value="UnicodeBig"/>
    <property name="java.class.version" value="52.0"/>
  </properties>
  <testcase name="shouldAnswerWithTrue" classname="com.qiding.grpc.AppTest" time="0.002"/>
</testsuite>